[2021-07-28 17:42:15.084] [exthost] [info] extension host started
[2021-07-28 17:42:15.117] [exthost] [info] Lock '/home/pi/.vscode-server/data/User/workspaceStorage/57e09364f005820fdaddbe13153b71cd/vscode.lock': Lock acquired.
[2021-07-28 17:42:15.380] [exthost] [info] ExtensionService#_doActivateExtension vscode.debug-auto-launch {"startup":true,"extensionId":{"value":"vscode.debug-auto-launch","_lower":"vscode.debug-auto-launch"},"activationEvent":"*"}
[2021-07-28 17:42:15.382] [exthost] [info] ExtensionService#loadCommonJSModule file:///home/pi/.vscode-server/bin/c3f126316369cd610563c75b1b1725e0679adfb3/extensions/debug-auto-launch/dist/extension
[2021-07-28 17:42:15.399] [exthost] [info] ExtensionService#_doActivateExtension vscode.git {"startup":true,"extensionId":{"value":"vscode.github","_lower":"vscode.github"},"activationEvent":"*"}
[2021-07-28 17:42:15.399] [exthost] [info] ExtensionService#loadCommonJSModule file:///home/pi/.vscode-server/bin/c3f126316369cd610563c75b1b1725e0679adfb3/extensions/git/dist/main
[2021-07-28 17:42:15.857] [exthost] [info] ExtensionService#_doActivateExtension vscode.github {"startup":true,"extensionId":{"value":"vscode.github","_lower":"vscode.github"},"activationEvent":"*"}
[2021-07-28 17:42:15.857] [exthost] [info] ExtensionService#loadCommonJSModule file:///home/pi/.vscode-server/bin/c3f126316369cd610563c75b1b1725e0679adfb3/extensions/github/dist/extension.js
[2021-07-28 17:42:16.106] [exthost] [info] ExtensionService#_doActivateExtension vscode.emmet {"startup":false,"extensionId":{"value":"vscode.emmet","_lower":"vscode.emmet"},"activationEvent":"onStartupFinished"}
[2021-07-28 17:42:16.108] [exthost] [info] ExtensionService#loadCommonJSModule file:///home/pi/.vscode-server/bin/c3f126316369cd610563c75b1b1725e0679adfb3/extensions/emmet/dist/node/emmetNodeMain
[2021-07-28 17:42:16.156] [exthost] [info] ExtensionService#_doActivateExtension vscode.merge-conflict {"startup":false,"extensionId":{"value":"vscode.merge-conflict","_lower":"vscode.merge-conflict"},"activationEvent":"onStartupFinished"}
[2021-07-28 17:42:16.158] [exthost] [info] ExtensionService#loadCommonJSModule file:///home/pi/.vscode-server/bin/c3f126316369cd610563c75b1b1725e0679adfb3/extensions/merge-conflict/dist/mergeConflictMain
[2021-07-28 17:42:16.186] [exthost] [info] ExtensionService#_doActivateExtension vscode.testing-editor-contributions {"startup":false,"extensionId":{"value":"vscode.testing-editor-contributions","_lower":"vscode.testing-editor-contributions"},"activationEvent":"onStartupFinished"}
[2021-07-28 17:42:16.188] [exthost] [info] ExtensionService#loadCommonJSModule file:///home/pi/.vscode-server/bin/c3f126316369cd610563c75b1b1725e0679adfb3/extensions/testing-editor-contributions/dist/extension.js
[2021-07-28 17:42:16.192] [exthost] [info] eager extensions activated
[2021-07-28 17:42:16.205] [exthost] [info] ExtensionService#_doActivateExtension ms-vscode.js-debug {"startup":false,"extensionId":{"value":"ms-vscode.js-debug","_lower":"ms-vscode.js-debug"},"activationEvent":"onCommand:extension.js-debug.clearAutoAttachVariables"}
[2021-07-28 17:42:16.207] [exthost] [info] ExtensionService#loadCommonJSModule file:///home/pi/.vscode-server/bin/c3f126316369cd610563c75b1b1725e0679adfb3/extensions/ms-vscode.js-debug/src/extension.js
[2021-07-28 17:42:17.435] [exthost] [warning] [Decorations] CAPPING events from decorations provider vscode.git 1533
[2021-07-28 17:42:19.039] [exthost] [info] ExtensionService#_doActivateExtension vscode.configuration-editing {"startup":false,"extensionId":{"value":"vscode.configuration-editing","_lower":"vscode.configuration-editing"},"activationEvent":"onLanguage:jsonc"}
[2021-07-28 17:42:19.039] [exthost] [info] ExtensionService#loadCommonJSModule file:///home/pi/.vscode-server/bin/c3f126316369cd610563c75b1b1725e0679adfb3/extensions/configuration-editing/dist/configurationEditingMain
[2021-07-28 17:42:19.053] [exthost] [info] ExtensionService#_doActivateExtension vscode.json-language-features {"startup":false,"extensionId":{"value":"vscode.json-language-features","_lower":"vscode.json-language-features"},"activationEvent":"onLanguage:jsonc"}
[2021-07-28 17:42:19.053] [exthost] [info] ExtensionService#loadCommonJSModule file:///home/pi/.vscode-server/bin/c3f126316369cd610563c75b1b1725e0679adfb3/extensions/json-language-features/client/dist/node/jsonClientMain
[2021-07-28 17:42:19.184] [exthost] [info] ExtensionService#_doActivateExtension vscode.typescript-language-features {"startup":false,"extensionId":{"value":"vscode.typescript-language-features","_lower":"vscode.typescript-language-features"},"activationEvent":"onLanguage:jsonc"}
[2021-07-28 17:42:19.185] [exthost] [info] ExtensionService#loadCommonJSModule file:///home/pi/.vscode-server/bin/c3f126316369cd610563c75b1b1725e0679adfb3/extensions/typescript-language-features/dist/extension
[2021-07-28 17:42:20.186] [exthost] [info] extension host terminating: received terminate message from renderer
[2021-07-28 17:42:20.188] [exthost] [info] Lock '/home/pi/.vscode-server/data/User/workspaceStorage/57e09364f005820fdaddbe13153b71cd/vscode.lock': Marking the lockfile as scheduled to be released in 6000 ms.
[2021-07-28 17:42:21.223] [exthost] [info] exiting with code 0
