[2021-07-28 14:51:17.241] [exthost] [info] extension host started
[2021-07-28 14:51:17.281] [exthost] [info] Lock '/home/pi/.vscode-server/data/User/workspaceStorage/57e09364f005820fdaddbe13153b71cd/vscode.lock': Lock acquired.
[2021-07-28 14:51:17.607] [exthost] [info] ExtensionService#_doActivateExtension vscode.debug-auto-launch {"startup":true,"extensionId":{"value":"vscode.debug-auto-launch","_lower":"vscode.debug-auto-launch"},"activationEvent":"*"}
[2021-07-28 14:51:17.608] [exthost] [info] ExtensionService#loadCommonJSModule file:///home/pi/.vscode-server/bin/c3f126316369cd610563c75b1b1725e0679adfb3/extensions/debug-auto-launch/dist/extension
[2021-07-28 14:51:17.630] [exthost] [info] ExtensionService#_doActivateExtension vscode.git {"startup":true,"extensionId":{"value":"vscode.github","_lower":"vscode.github"},"activationEvent":"*"}
[2021-07-28 14:51:17.631] [exthost] [info] ExtensionService#loadCommonJSModule file:///home/pi/.vscode-server/bin/c3f126316369cd610563c75b1b1725e0679adfb3/extensions/git/dist/main
[2021-07-28 14:51:18.023] [exthost] [info] ExtensionService#_doActivateExtension vscode.github {"startup":true,"extensionId":{"value":"vscode.github","_lower":"vscode.github"},"activationEvent":"*"}
[2021-07-28 14:51:18.028] [exthost] [info] ExtensionService#loadCommonJSModule file:///home/pi/.vscode-server/bin/c3f126316369cd610563c75b1b1725e0679adfb3/extensions/github/dist/extension.js
[2021-07-28 14:51:18.261] [exthost] [info] ExtensionService#_doActivateExtension vscode.emmet {"startup":false,"extensionId":{"value":"vscode.emmet","_lower":"vscode.emmet"},"activationEvent":"onStartupFinished"}
[2021-07-28 14:51:18.263] [exthost] [info] ExtensionService#loadCommonJSModule file:///home/pi/.vscode-server/bin/c3f126316369cd610563c75b1b1725e0679adfb3/extensions/emmet/dist/node/emmetNodeMain
[2021-07-28 14:51:18.314] [exthost] [info] ExtensionService#_doActivateExtension vscode.merge-conflict {"startup":false,"extensionId":{"value":"vscode.merge-conflict","_lower":"vscode.merge-conflict"},"activationEvent":"onStartupFinished"}
[2021-07-28 14:51:18.314] [exthost] [info] ExtensionService#loadCommonJSModule file:///home/pi/.vscode-server/bin/c3f126316369cd610563c75b1b1725e0679adfb3/extensions/merge-conflict/dist/mergeConflictMain
[2021-07-28 14:51:18.327] [exthost] [info] ExtensionService#_doActivateExtension vscode.testing-editor-contributions {"startup":false,"extensionId":{"value":"vscode.testing-editor-contributions","_lower":"vscode.testing-editor-contributions"},"activationEvent":"onStartupFinished"}
[2021-07-28 14:51:18.327] [exthost] [info] ExtensionService#loadCommonJSModule file:///home/pi/.vscode-server/bin/c3f126316369cd610563c75b1b1725e0679adfb3/extensions/testing-editor-contributions/dist/extension.js
[2021-07-28 14:51:18.330] [exthost] [info] eager extensions activated
[2021-07-28 14:51:18.369] [exthost] [info] ExtensionService#_doActivateExtension ms-vscode.js-debug {"startup":false,"extensionId":{"value":"ms-vscode.js-debug","_lower":"ms-vscode.js-debug"},"activationEvent":"onCommand:extension.js-debug.clearAutoAttachVariables"}
[2021-07-28 14:51:18.369] [exthost] [info] ExtensionService#loadCommonJSModule file:///home/pi/.vscode-server/bin/c3f126316369cd610563c75b1b1725e0679adfb3/extensions/ms-vscode.js-debug/src/extension.js
[2021-07-28 14:51:19.585] [exthost] [warning] [Decorations] CAPPING events from decorations provider vscode.git 1513
[2021-07-28 14:51:26.452] [exthost] [warning] [Decorations] CAPPING events from decorations provider vscode.git 1513
[2021-07-28 14:51:32.827] [exthost] [warning] [Decorations] CAPPING events from decorations provider vscode.git 1513
[2021-07-28 14:51:39.165] [exthost] [warning] [Decorations] CAPPING events from decorations provider vscode.git 1513
[2021-07-28 14:51:45.543] [exthost] [warning] [Decorations] CAPPING events from decorations provider vscode.git 1513
[2021-07-28 14:51:51.894] [exthost] [warning] [Decorations] CAPPING events from decorations provider vscode.git 1513
[2021-07-28 14:51:58.249] [exthost] [warning] [Decorations] CAPPING events from decorations provider vscode.git 1513
[2021-07-28 14:52:04.651] [exthost] [warning] [Decorations] CAPPING events from decorations provider vscode.git 1513
[2021-07-28 14:52:10.996] [exthost] [warning] [Decorations] CAPPING events from decorations provider vscode.git 1513
[2021-07-28 14:52:35.766] [exthost] [warning] [Decorations] CAPPING events from decorations provider vscode.git 1513
[2021-07-28 14:52:42.162] [exthost] [warning] [Decorations] CAPPING events from decorations provider vscode.git 1513
[2021-07-28 14:52:48.491] [exthost] [warning] [Decorations] CAPPING events from decorations provider vscode.git 1513
[2021-07-28 14:52:51.168] [exthost] [info] extension host terminating: received terminate message from renderer
[2021-07-28 14:52:51.170] [exthost] [info] Lock '/home/pi/.vscode-server/data/User/workspaceStorage/57e09364f005820fdaddbe13153b71cd/vscode.lock': Marking the lockfile as scheduled to be released in 6000 ms.
[2021-07-28 14:52:52.199] [exthost] [info] exiting with code 0
